\BOOKMARK [0][-]{chapter*.5}{\376\377\000\332\000v\000o\000d}{}% 1
\BOOKMARK [0][-]{chapter.1}{\376\377\000C\000\355\000l\000\040\000p\000r\000\341\000c\000e}{}% 2
\BOOKMARK [0][-]{chapter.2}{\376\377\000A\000n\000a\000l\000\375\000z\000a\000\040\000a\000\040\000n\000\341\000v\000r\000h}{}% 3
\BOOKMARK [1][-]{section.2.1}{\376\377\000T\000v\000o\000r\000b\000a\000\040\000i\000O\000S\000\040\000a\000p\000l\000i\000k\000a\000c\000\355}{chapter.2}% 4
\BOOKMARK [1][-]{section.2.2}{\376\377\000E\000A\000S\000A\000\040\000a\000\040\000p\001\131\000e\000d\000p\000i\000s\000y}{chapter.2}% 5
\BOOKMARK [1][-]{section.2.3}{\376\377\000A\000n\000a\000l\000\375\000z\000a\000\040\000e\000x\000i\000s\000t\000u\000j\000\355\000c\000\355\000c\000h\000\040\000a\000p\000l\000i\000k\000a\000c\000\355\000\040\000p\000r\000o\000\040\000e\000v\000i\000d\000e\000n\000c\000i\000\040\000l\000e\000t\001\157}{chapter.2}% 6
\BOOKMARK [1][-]{section.2.4}{\376\377\000F\000u\000n\000k\001\015\000n\000\355\000\040\000a\000\040\000n\000e\000f\000u\000n\000k\001\015\000n\000\355\000\040\000p\000o\001\176\000a\000d\000a\000v\000k\000y}{chapter.2}% 7
\BOOKMARK [1][-]{section.2.5}{\376\377\000P\001\131\000\355\000p\000a\000d\000y\000\040\000u\001\176\000i\000t\000\355}{chapter.2}% 8
\BOOKMARK [1][-]{section.2.6}{\376\377\000N\000\341\000v\000r\000h\000\040\000u\001\176\000i\000v\000a\000t\000e\000l\000s\000k\000\351\000h\000o\000\040\000r\000o\000z\000h\000r\000a\000n\000\355}{chapter.2}% 9
\BOOKMARK [1][-]{section.2.7}{\376\377\000A\000r\000c\000h\000i\000t\000e\000k\000t\000u\000r\000y\000\040\000p\001\131\000i\000\040\000t\000v\000o\000r\000b\001\033\000\040\000i\000O\000S\000\040\000a\000p\000l\000i\000k\000a\000c\000\355}{chapter.2}% 10
\BOOKMARK [1][-]{section.2.8}{\376\377\000F\000u\000n\000k\000c\000i\000o\000n\000\341\000l\000n\001\033\000\040\000r\000e\000a\000k\000t\000i\000v\000n\000\355\000\040\000p\000r\000o\000g\000r\000a\000m\000o\000v\000\341\000n\000\355}{chapter.2}% 11
\BOOKMARK [1][-]{section.2.9}{\376\377\000P\000e\000r\000s\000i\000s\000t\000e\000n\000c\000e\000\040\000d\000a\000t}{chapter.2}% 12
\BOOKMARK [0][-]{chapter.3}{\376\377\000R\000e\000a\000l\000i\000z\000a\000c\000e}{}% 13
\BOOKMARK [1][-]{section.3.1}{\376\377\000i\000O\000S\000\040\000a\000p\000l\000i\000k\000a\000c\000e\000\040\000a\000\040\000S\000w\000i\000f\000t}{chapter.3}% 14
\BOOKMARK [1][-]{section.3.2}{\376\377\000U\000n\000i\000t\000\040\000t\000e\000s\000t\000y}{chapter.3}% 15
\BOOKMARK [1][-]{section.3.3}{\376\377\000P\000o\000u\001\176\000i\000t\000\351\000\040\000n\000\341\000s\000t\000r\000o\000j\000e\000\040\000p\001\131\000i\000\040\000v\000\375\000v\000o\000j\000i}{chapter.3}% 16
\BOOKMARK [1][-]{section.3.4}{\376\377\000U\001\176\000i\000v\000a\000t\000e\000l\000s\000k\000\351\000\040\000t\000e\000s\000t\000o\000v\000\341\000n\000\355}{chapter.3}% 17
\BOOKMARK [1][-]{section.3.5}{\376\377\000P\000o\000s\000t\000u\000p\000y\000\040\000F\000R\000P\000\040\000v\000\040\000a\000p\000l\000i\000k\000a\000c\000i}{chapter.3}% 18
\BOOKMARK [1][-]{section.3.6}{\376\377\000Z\000h\000o\000d\000n\000o\000c\000e\000n\000\355\000\040\000M\000V\000V\000M\000\040\000a\000\040\000F\000R\000P}{chapter.3}% 19
\BOOKMARK [0][-]{chapter*.6}{\376\377\000Z\000\341\000v\001\033\000r}{}% 20
\BOOKMARK [0][-]{section*.8}{\376\377\000L\000i\000t\000e\000r\000a\000t\000u\000r\000a}{}% 21
\BOOKMARK [0][-]{appendix.A}{\376\377\000S\000e\000z\000n\000a\000m\000\040\000p\000o\000u\001\176\000i\000t\000\375\000c\000h\000\040\000z\000k\000r\000a\000t\000e\000k}{}% 22
\BOOKMARK [0][-]{appendix.B}{\376\377\000O\000b\000s\000a\000h\000\040\000p\001\131\000i\000l\000o\001\176\000e\000n\000\351\000h\000o\000\040\000C\000D}{}% 23
